
> han-han-two-speeds-portfolio@0.1.0 build
> npm run validate && vite build --mode production && node scripts/prepare-sites-dist.js && npm run validate:dist


> han-han-two-speeds-portfolio@0.1.0 validate
> npm run validate:social && npm run validate:landing && npm run validate:vehicle && npm run validate:hanhan && npm run validate:release


> han-han-two-speeds-portfolio@0.1.0 validate:social
> node scripts/validate-social-domestic.mjs

{
  "modelPath": "static/areas/social-domestic.glb",
  "roots": 4,
  "links": 4,
  "report": [
    {
      "id": "xiaohongshu",
      "root": "xiaohongshuPhysicalDynamic",
      "visualNodes": 3,
      "collider": "cuboidDomesticXiaohongshu",
      "size": [
        1.604,
        1.404,
        0.367
      ],
      "url": "https://www.xiaohongshu.com/explore"
    },
    {
      "id": "bilibili",
      "root": "bilibiliPhysicalDynamic",
      "visualNodes": 6,
      "collider": "cuboidDomesticBilibili",
      "size": [
        1.704,
        1.589,
        0.434
      ],
      "url": "https://www.bilibili.com/"
    },
    {
      "id": "wechat",
      "root": "wechatPhysicalDynamic",
      "visualNodes": 9,
      "collider": "cuboidDomesticWechat",
      "size": [
        1.664,
        1.584,
        0.495
      ],
      "url": "https://mp.weixin.qq.com/"
    },
    {
      "id": "mail",
      "root": "mailDomesticPhysicalDynamic",
      "visualNodes": 4,
      "collider": "cuboidDomesticMaildomestic",
      "size": [
        1.684,
        1.404,
        0.444
      ],
      "url": "mailto:contact@example.com"
    }
  ]
}

> han-han-two-speeds-portfolio@0.1.0 validate:landing
> node scripts/validate-landing-customizations.mjs

{
  "valid": true,
  "assetPath": "static/areas/landing-han-han-statue.glb",
  "root": "landingKnightStatuePhysicalFixed",
  "position": [
    37,
    0,
    41
  ],
  "dimensions": [
    3.44,
    6.67,
    3.4
  ],
  "meshCount": 3,
  "materialCount": 3,
  "animationCount": 0,
  "dayCycleSeconds": 300,
  "cameraFacingDot": 0.707,
  "narrowViewportPlacement": {
    "isometricHorizontal": -4,
    "isometricDepth": 78
  }
}

> han-han-two-speeds-portfolio@0.1.0 validate:vehicle
> node scripts/validate-vehicle-model.mjs static/vehicle/han-han.glb

Missing optional extension, "KHR_materials_emissive_strength".
{
  "valid": true,
  "inputPath": "static/vehicle/han-han.glb",
  "dimensions": [
    2.992,
    2.519,
    1.912
  ],
  "requiredParts": {
    "chassis": "chassis.001",
    "bodyPainted": "bodyPainted.001",
    "wheelContainer": "wheelContainer.001",
    "wheelCylinder": "wheelCylinder.001"
  },
  "optionalFeatures": {
    "blinkers": true,
    "brakeLights": true,
    "reversingLights": true,
    "boostCells": true,
    "antenna": false
  },
  "physicsCoupling": "none; PhysicsVehicle owns the Rapier chassis, wheels and handling values"
}

> han-han-two-speeds-portfolio@0.1.0 validate:hanhan
> node scripts/validate-han-han-3d.mjs

Missing optional extension, "KHR_materials_emissive_strength".
Missing optional extension, "KHR_materials_emissive_strength".
{
  "valid": true,
  "paths": {
    "statue": "static/areas/landing-han-han-statue.glb",
    "vehicle": "static/vehicle/han-han.glb",
    "letters": "static/areas/han-han-letters.glb",
    "circuit": "static/areas/han-han-circuit-markers.glb",
    "vehicleBaseline": "static/vehicle/default.glb"
  },
  "statue": {
    "dimensions": [
      3.44,
      6.665,
      3.4
    ],
    "triangles": 9284,
    "meshes": 3,
    "materials": 3,
    "textures": 0,
    "animations": 0,
    "bytes": 104668,
    "kib": 102.2,
    "root": "landingKnightStatuePhysicalFixed",
    "position": [
      37,
      0,
      41
    ],
    "cameraFacingDot": 0.707,
    "narrowViewportPlacement": {
      "isometricHorizontal": -4,
      "isometricDepth": 78
    }
  },
  "letters": {
    "dimensions": [
      8.077,
      0.77,
      3.864
    ],
    "triangles": 792,
    "meshes": 6,
    "materials": 2,
    "textures": 0,
    "animations": 0,
    "bytes": 65164,
    "kib": 63.6,
    "topLevelDynamicLetters": [
      "refLettersPhysicalDynamic00",
      "refLettersPhysicalDynamic01",
      "refLettersPhysicalDynamic02",
      "refLettersPhysicalDynamic03",
      "refLettersPhysicalDynamic04",
      "refLettersPhysicalDynamic05"
    ]
  },
  "vehicle": {
    "dimensions": [
      2.992,
      2.519,
      1.912
    ],
    "triangles": 3852,
    "meshes": 21,
    "materials": 6,
    "textures": 0,
    "animations": 0,
    "bytes": 250836,
    "kib": 245,
    "baselineDimensions": [
      2.992,
      2.476,
      1.912
    ],
    "preservedBaselineNodeCount": 24,
    "addedVisualNodes": [
      "hanHanSignalLineLeft",
      "hanHanSignalLineRight",
      "hanHanSignalLineTop"
    ]
  },
  "circuit": {
    "dimensions": [
      102.848,
      0.055,
      119.19
    ],
    "triangles": 180,
    "meshes": 15,
    "materials": 2,
    "textures": 0,
    "animations": 0,
    "bytes": 24736,
    "kib": 24.2,
    "worldSpaceSpanIntentional": true,
    "collisionNodes": 0
  }
}

> han-han-two-speeds-portfolio@0.1.0 validate:release
> node scripts/validate-han-han-release.mjs

{
  "valid": true,
  "projects": 4,
  "projectVisuals": 12,
  "labItems": 6,
  "neutralSocialModels": [
    "xiaohongshu",
    "bilibili",
    "wechat",
    "mail"
  ],
  "verifiedFiles": 40,
  "publicPath": "https://wen069.github.io/wen13-portfolio/versions/han-han-concept-01/"
}
vite v7.2.4 building client environment for production...
transforming...

../fonts/Pally-Regular.woff2 referenced in ../fonts/Pally-Regular.woff2 didn't resolve at build time, it will remain unchanged to be resolved at runtime

../fonts/Pally-Medium.woff2 referenced in ../fonts/Pally-Medium.woff2 didn't resolve at build time, it will remain unchanged to be resolved at runtime

../fonts/Pally-Bold.woff2 referenced in ../fonts/Pally-Bold.woff2 didn't resolve at build time, it will remain unchanged to be resolved at runtime

../ui/controls/mouse-keyboard.svg referenced in ../ui/controls/mouse-keyboard.svg didn't resolve at build time, it will remain unchanged to be resolved at runtime

../ui/controls/touch.svg referenced in ../ui/controls/touch.svg didn't resolve at build time, it will remain unchanged to be resolved at runtime

../ui/controls/gamepad.svg referenced in ../ui/controls/gamepad.svg didn't resolve at build time, it will remain unchanged to be resolved at runtime

../ui/achievements/check.svg referenced in ../ui/achievements/check.svg didn't resolve at build time, it will remain unchanged to be resolved at runtime

../ui/controls/gamepad-circle.webp referenced in ../ui/controls/gamepad-circle.webp didn't resolve at build time, it will remain unchanged to be resolved at runtime

../ui/controls/gamepad-triangle.webp referenced in ../ui/controls/gamepad-triangle.webp didn't resolve at build time, it will remain unchanged to be resolved at runtime

../ui/controls/gamepad-square.webp referenced in ../ui/controls/gamepad-square.webp didn't resolve at build time, it will remain unchanged to be resolved at runtime

../ui/controls/gamepad-cross.webp referenced in ../ui/controls/gamepad-cross.webp didn't resolve at build time, it will remain unchanged to be resolved at runtime

../ui/actions/actions-icon-arrow.webp referenced in ../ui/actions/actions-icon-arrow.webp didn't resolve at build time, it will remain unchanged to be resolved at runtime

../ui/actions/actions-icon-close.webp referenced in ../ui/actions/actions-icon-close.webp didn't resolve at build time, it will remain unchanged to be resolved at runtime

../ui/actions/actions-icon-open.webp referenced in ../ui/actions/actions-icon-open.webp didn't resolve at build time, it will remain unchanged to be resolved at runtime

../ui/music-note.svg referenced in ../ui/music-note.svg didn't resolve at build time, it will remain unchanged to be resolved at runtime

../ui/map/player.webp referenced in ../ui/map/player.webp didn't resolve at build time, it will remain unchanged to be resolved at runtime

../fonts/Pally-Regular.woff referenced in ../fonts/Pally-Regular.woff didn't resolve at build time, it will remain unchanged to be resolved at runtime

../fonts/Pally-Medium.woff referenced in ../fonts/Pally-Medium.woff didn't resolve at build time, it will remain unchanged to be resolved at runtime

../fonts/Pally-Bold.woff referenced in ../fonts/Pally-Bold.woff didn't resolve at build time, it will remain unchanged to be resolved at runtime

../fonts/Pally-Regular.ttf referenced in ../fonts/Pally-Regular.ttf didn't resolve at build time, it will remain unchanged to be resolved at runtime

../fonts/Pally-Medium.ttf referenced in ../fonts/Pally-Medium.ttf didn't resolve at build time, it will remain unchanged to be resolved at runtime

../fonts/Pally-Bold.ttf referenced in ../fonts/Pally-Bold.ttf didn't resolve at build time, it will remain unchanged to be resolved at runtime
✓ 780 modules transformed.
node_modules/vm-browserify/index.js (110:11): Use of eval in "node_modules/vm-browserify/index.js" is strongly discouraged as it poses security risks and may cause issues with minification.
rendering chunks...
computing gzip size...
../dist/assets/noto-sans-sc-latin-ext-700-normal-BmmacmUC.woff2       4.47 kB
../dist/assets/noto-sans-sc-latin-ext-400-normal-KRK7eeLK.woff2       4.48 kB
../dist/assets/noto-sans-sc-91-400-normal-BdbNZCTz.woff2              4.70 kB
../dist/assets/noto-sans-sc-vietnamese-400-normal-Bi2eM1Po.woff2      4.71 kB
../dist/assets/noto-sans-sc-91-700-normal-D4Ei2NDt.woff2              4.77 kB
../dist/assets/noto-sans-sc-vietnamese-700-normal-B_BvGp8Q.woff2      4.77 kB
../dist/assets/noto-sans-sc-99-400-normal-BTAaudar.woff2              5.20 kB
../dist/assets/noto-sans-sc-87-400-normal-BGelIZWt.woff2              5.21 kB
../dist/assets/noto-sans-sc-99-700-normal-fxRlH1CQ.woff2              5.24 kB
../dist/assets/noto-sans-sc-87-700-normal-BtlEwhOv.woff2              5.25 kB
../dist/assets/noto-sans-sc-cyrillic-400-normal-CgZvxLpU.woff2        5.30 kB
../dist/assets/noto-sans-sc-90-700-normal-D_uM6Dda.woff2              5.31 kB
../dist/assets/noto-sans-sc-90-400-normal-DRuAc-VY.woff2              5.32 kB
../dist/assets/noto-sans-sc-cyrillic-700-normal-Cq1GCcGV.woff2        5.33 kB
../dist/assets/noto-sans-sc-latin-ext-400-normal-CY4-cFyH.woff        6.00 kB
../dist/assets/noto-sans-sc-latin-ext-700-normal-BweIeg1K.woff        6.07 kB
../dist/assets/noto-sans-sc-89-400-normal-acup1U1Z.woff2              6.11 kB
../dist/assets/noto-sans-sc-21-400-normal-Bfz3Xm1a.woff2              6.19 kB
../dist/assets/noto-sans-sc-89-700-normal--Wr1YQox.woff2              6.21 kB
../dist/assets/noto-sans-sc-88-400-normal-D3GwXLyo.woff2              6.24 kB
../dist/assets/noto-sans-sc-88-700-normal-Bnk-Qjhu.woff2              6.25 kB
../dist/assets/noto-sans-sc-91-400-normal-CxcTLhKE.woff               6.25 kB
../dist/assets/noto-sans-sc-21-700-normal-DNuQH_x9.woff2              6.31 kB
../dist/assets/noto-sans-sc-91-700-normal-DCw7oyGm.woff               6.37 kB
../dist/assets/noto-sans-sc-87-400-normal-BfoaKG7-.woff               6.44 kB
../dist/assets/noto-sans-sc-6-400-normal-D73klzWF.woff2               6.47 kB
../dist/assets/noto-sans-sc-vietnamese-400-normal-BKaPybhj.woff       6.48 kB
../dist/assets/noto-sans-sc-87-700-normal-DlQbz1Zr.woff               6.48 kB
../dist/assets/noto-sans-sc-6-700-normal-DV8I1q8y.woff2               6.58 kB
../dist/assets/noto-sans-sc-vietnamese-700-normal-AYh55WD9.woff       6.59 kB
../dist/assets/noto-sans-sc-cyrillic-400-normal-C55cY1BO.woff         6.70 kB
../dist/assets/noto-sans-sc-cyrillic-700-normal-DkTfyWoY.woff         6.72 kB
../dist/assets/noto-sans-sc-90-700-normal-BfsAm7JE.woff               6.86 kB
../dist/assets/noto-sans-sc-90-400-normal-DZvnhzDn.woff               6.92 kB
../dist/assets/noto-sans-sc-99-400-normal-BKciDCgy.woff               6.92 kB
../dist/assets/noto-sans-sc-99-700-normal-C6W9dGdZ.woff               7.03 kB
../dist/assets/noto-sans-sc-21-400-normal-BnEV7ZGG.woff               7.41 kB
../dist/assets/noto-sans-sc-88-400-normal-BVGOGyuM.woff               7.45 kB
../dist/assets/noto-sans-sc-88-700-normal-CkTRTZFS.woff               7.47 kB
../dist/assets/noto-sans-sc-21-700-normal-F6rDGjvL.woff               7.55 kB
../dist/assets/noto-sans-sc-89-400-normal-DjBdLf5T.woff               7.75 kB
../dist/assets/noto-sans-sc-89-700-normal-Dy6ropgK.woff               7.82 kB
../dist/assets/noto-sans-sc-6-400-normal-Cz_J3E7W.woff                8.46 kB
../dist/assets/noto-sans-sc-6-700-normal-BzsVSw-a.woff                8.50 kB
../dist/assets/noto-sans-sc-5-400-normal-3RzBeGhg.woff2              10.90 kB
../dist/assets/noto-sans-sc-5-700-normal-x9UYIBA3.woff2              11.41 kB
../dist/assets/noto-sans-sc-5-400-normal-CxziD17Z.woff               13.22 kB
../dist/assets/noto-sans-sc-latin-400-normal-C8q2FS1w.woff2          13.30 kB
../dist/assets/noto-sans-sc-latin-700-normal-BzR54Sjf.woff2          13.42 kB
../dist/assets/noto-sans-sc-5-700-normal-CCrryvVM.woff               13.69 kB
../dist/assets/noto-sans-sc-85-400-normal-CNc66YTY.woff2             14.60 kB
../dist/assets/noto-sans-sc-85-700-normal-CbxuEJPm.woff2             14.79 kB
../dist/assets/noto-sans-sc-latin-400-normal-C2B4T-o7.woff           17.24 kB
../dist/assets/noto-sans-sc-80-400-normal-psViYwkz.woff2             17.30 kB
../dist/assets/noto-sans-sc-latin-700-normal-C7O-39-M.woff           17.39 kB
../dist/assets/noto-sans-sc-84-400-normal-BtmNIfry.woff2             17.54 kB
../dist/assets/noto-sans-sc-80-700-normal-UCchT3b6.woff2             17.57 kB
../dist/assets/noto-sans-sc-84-700-normal-O2_u3aEA.woff2             17.74 kB
../dist/assets/noto-sans-sc-86-400-normal-Cs9yXoGU.woff2             17.91 kB
../dist/assets/noto-sans-sc-85-400-normal-DJgWDvwN.woff              18.41 kB
../dist/assets/noto-sans-sc-85-700-normal-CyrFyvwD.woff              18.44 kB
../dist/assets/noto-sans-sc-86-700-normal-DcKO2wZq.woff2             18.45 kB
../dist/assets/noto-sans-sc-41-400-normal-CwF0ysup.woff2             19.41 kB
../dist/assets/noto-sans-sc-77-400-normal-CxYpJvkI.woff2             19.71 kB
../dist/assets/noto-sans-sc-41-700-normal-C9Fm98h0.woff2             19.84 kB
../dist/assets/noto-sans-sc-77-700-normal-a-oEDj-K.woff2             20.11 kB
../dist/assets/noto-sans-sc-73-400-normal-tzRZHUkU.woff2             20.84 kB
../dist/assets/noto-sans-sc-73-700-normal-I6Weyh5u.woff2             21.21 kB
../dist/assets/noto-sans-sc-64-400-normal-9n4RwFjr.woff2             21.89 kB
../dist/assets/noto-sans-sc-79-400-normal-Bs84SZW2.woff2             21.94 kB
../dist/assets/noto-sans-sc-64-700-normal-D6d3HRSr.woff2             22.13 kB
../dist/assets/noto-sans-sc-86-400-normal-Ds-iyoTm.woff              22.13 kB
../dist/assets/noto-sans-sc-60-400-normal-BkgLo8ii.woff2             22.24 kB
../dist/assets/noto-sans-sc-68-400-normal-DhhAKUnY.woff2             22.24 kB
../dist/assets/noto-sans-sc-80-400-normal-BJE7u3HD.woff              22.26 kB
../dist/assets/noto-sans-sc-80-700-normal-CGAI1yju.woff              22.27 kB
../dist/assets/noto-sans-sc-84-400-normal-BUAHubMX.woff              22.32 kB
../dist/assets/noto-sans-sc-84-700-normal-C0UDebpJ.woff              22.33 kB
../dist/assets/noto-sans-sc-79-700-normal-DdtsIzyh.woff2             22.34 kB
../dist/assets/noto-sans-sc-86-700-normal-CziD2ZUu.woff              22.37 kB
../dist/assets/noto-sans-sc-65-400-normal-Co4l6Z_j.woff2             22.38 kB
../dist/assets/noto-sans-sc-70-400-normal-BlWmkfgH.woff2             22.44 kB
../dist/assets/noto-sans-sc-51-400-normal-BXmprHGd.woff2             22.50 kB
../dist/assets/noto-sans-sc-36-400-normal-BxBT42kb.woff2             22.65 kB
../dist/assets/noto-sans-sc-68-700-normal-LGMmxj6K.woff2             22.65 kB
../dist/assets/noto-sans-sc-65-700-normal-BUpqu4D4.woff2             22.68 kB
../dist/assets/noto-sans-sc-51-700-normal-Bon9yel0.woff2             22.86 kB
../dist/assets/noto-sans-sc-60-700-normal-Bc_5YyR0.woff2             22.91 kB
../dist/assets/noto-sans-sc-36-700-normal-D_nEfnKk.woff2             23.00 kB
../dist/assets/noto-sans-sc-53-400-normal-DpzojyPN.woff2             23.08 kB
../dist/assets/noto-sans-sc-83-400-normal-cx8M2qMo.woff2             23.08 kB
../dist/assets/noto-sans-sc-70-700-normal-D_WqSwix.woff2             23.15 kB
../dist/assets/noto-sans-sc-83-700-normal-5yUCUUlF.woff2             23.48 kB
../dist/assets/noto-sans-sc-75-400-normal-CUYSz9vA.woff2             23.67 kB
../dist/assets/noto-sans-sc-53-700-normal-Cvcae_Sp.woff2             23.72 kB
../dist/assets/noto-sans-sc-61-400-normal-ggoUFMmb.woff2             24.18 kB
../dist/assets/noto-sans-sc-75-700-normal-mpNhFFB1.woff2             24.32 kB
../dist/assets/noto-sans-sc-82-400-normal-BZZDzro0.woff2             24.40 kB
../dist/assets/noto-sans-sc-42-400-normal-ZKOUmsTa.woff2             24.46 kB
../dist/assets/noto-sans-sc-40-400-normal-DcIMWQiP.woff2             24.70 kB
../dist/assets/noto-sans-sc-118-400-normal-CqQ_A8sl.woff2            24.72 kB
../dist/assets/noto-sans-sc-61-700-normal-Ckxgx8cS.woff2             24.77 kB
../dist/assets/noto-sans-sc-50-400-normal-BeYaGcbF.woff2             24.79 kB
../dist/assets/noto-sans-sc-82-700-normal-BPEBmW4D.woff2             24.79 kB
../dist/assets/noto-sans-sc-41-400-normal-BeCST3sV.woff              24.87 kB
../dist/assets/noto-sans-sc-42-700-normal-DatVBEhz.woff2             24.92 kB
../dist/assets/noto-sans-sc-43-400-normal-WDsqqjmk.woff2             24.95 kB
../dist/assets/noto-sans-sc-72-400-normal-BLx1zxYv.woff2             25.01 kB
../dist/assets/noto-sans-sc-118-700-normal-BitkqWcz.woff2            25.02 kB
../dist/assets/noto-sans-sc-41-700-normal-DSQDho5i.woff              25.04 kB
../dist/assets/noto-sans-sc-81-400-normal-BImDXGMr.woff2             25.12 kB
../dist/assets/noto-sans-sc-59-400-normal-D7wWmpIm.woff2             25.13 kB
../dist/assets/noto-sans-sc-40-700-normal-CQq8R_A5.woff2             25.16 kB
../dist/assets/noto-sans-sc-50-700-normal-eWm1DQPT.woff2             25.20 kB
../dist/assets/noto-sans-sc-34-400-normal-Djw1IAuw.woff2             25.29 kB
../dist/assets/noto-sans-sc-31-400-normal-Cngcbauu.woff2             25.40 kB
../dist/assets/noto-sans-sc-77-700-normal-CQWqR0T-.woff              25.42 kB
../dist/assets/noto-sans-sc-33-400-normal-CUXtFK-t.woff2             25.44 kB
../dist/assets/noto-sans-sc-27-400-normal-LzZF_NqI.woff2             25.45 kB
../dist/assets/noto-sans-sc-72-700-normal-OdQF7L87.woff2             25.47 kB
../dist/assets/noto-sans-sc-77-400-normal-D2-acYFw.woff              25.47 kB
../dist/assets/noto-sans-sc-43-700-normal-CXBy1e3m.woff2             25.50 kB
../dist/assets/noto-sans-sc-71-400-normal-HYJki_zr.woff2             25.54 kB
../dist/assets/noto-sans-sc-81-700-normal-B19yzEES.woff2             25.59 kB
../dist/assets/noto-sans-sc-34-700-normal-CQMxhMlx.woff2             25.72 kB
../dist/assets/noto-sans-sc-76-400-normal-JtvMmeCp.woff2             25.79 kB
../dist/assets/noto-sans-sc-55-400-normal-CYV3hjnq.woff2             25.82 kB
../dist/assets/noto-sans-sc-31-700-normal-kfjyItub.woff2             25.88 kB
../dist/assets/noto-sans-sc-59-700-normal-BhdW5HYb.woff2             25.90 kB
../dist/assets/noto-sans-sc-63-400-normal-BYQsjKYd.woff2             25.95 kB
../dist/assets/noto-sans-sc-71-700-normal-DyQkUuN6.woff2             25.98 kB
../dist/assets/noto-sans-sc-27-700-normal-BgbFkYQY.woff2             26.06 kB
../dist/assets/noto-sans-sc-33-700-normal-C8RIXC6K.woff2             26.09 kB
../dist/assets/noto-sans-sc-78-400-normal-AGz1p3mV.woff2             26.12 kB
../dist/assets/noto-sans-sc-76-700-normal-E5jLJMfB.woff2             26.30 kB
../dist/assets/noto-sans-sc-55-700-normal-B36T3m4k.woff2             26.31 kB
../dist/assets/noto-sans-sc-63-700-normal-CIGqoDcs.woff2             26.34 kB
../dist/assets/noto-sans-sc-73-400-normal-BRFF09wf.woff              26.39 kB
../dist/assets/noto-sans-sc-73-700-normal-Bqje2VGy.woff              26.42 kB
../dist/assets/noto-sans-sc-28-400-normal-CEc-bbYn.woff2             26.46 kB
../dist/assets/noto-sans-sc-78-700-normal-C-s_97KM.woff2             26.66 kB
../dist/assets/noto-sans-sc-35-400-normal-Chgyqx1E.woff2             26.69 kB
../dist/assets/noto-sans-sc-48-400-normal-JHdMabvg.woff2             26.89 kB
../dist/assets/noto-sans-sc-28-700-normal-CuobRVBH.woff2             27.08 kB
../dist/assets/noto-sans-sc-26-400-normal-B306_DcA.woff2             27.22 kB
../dist/assets/noto-sans-sc-35-700-normal-GWSrRah9.woff2             27.24 kB
../dist/assets/noto-sans-sc-48-700-normal-Bpf2wVKJ.woff2             27.24 kB
../dist/assets/noto-sans-sc-52-400-normal-D6TC2b36.woff2             27.40 kB
../dist/assets/noto-sans-sc-64-700-normal-4mJfRVw-.woff              27.57 kB
../dist/assets/noto-sans-sc-32-400-normal-BqAPF1tT.woff2             27.60 kB
../dist/assets/noto-sans-sc-64-400-normal-CnR-0l9p.woff              27.61 kB
../dist/assets/noto-sans-sc-39-400-normal-CNreqa8s.woff2             27.70 kB
../dist/assets/noto-sans-sc-26-700-normal-8Q5a-yXf.woff2             27.73 kB
../dist/assets/noto-sans-sc-54-400-normal-B9QLYnEh.woff2             27.74 kB
../dist/assets/noto-sans-sc-117-400-normal-QPrBdlQO.woff2            27.86 kB
../dist/assets/noto-sans-sc-66-400-normal-BELuybXz.woff2             27.96 kB
../dist/assets/noto-sans-sc-52-700-normal-C8tjb5CW.woff2             27.98 kB
../dist/assets/noto-sans-sc-67-400-normal-BS_2ddPd.woff2             28.05 kB
../dist/assets/noto-sans-sc-49-400-normal-B43LfYL1.woff2             28.08 kB
../dist/assets/noto-sans-sc-116-400-normal-B9rv4EzF.woff2            28.12 kB
../dist/assets/noto-sans-sc-37-400-normal-CjshmOwp.woff2             28.16 kB
../dist/assets/noto-sans-sc-51-700-normal-C0mbpISK.woff              28.23 kB
../dist/assets/noto-sans-sc-39-700-normal-npthtH81.woff2             28.24 kB
../dist/assets/noto-sans-sc-66-700-normal-BZJjilRc.woff2             28.26 kB
../dist/assets/noto-sans-sc-60-400-normal-BPkETD2Q.woff              28.29 kB
../dist/assets/noto-sans-sc-79-400-normal-C-sLDZqR.woff              28.37 kB
../dist/assets/noto-sans-sc-70-400-normal-1lgt7roi.woff              28.38 kB
../dist/assets/noto-sans-sc-117-700-normal-Lia4tG1S.woff2            28.38 kB
../dist/assets/noto-sans-sc-32-700-normal-aXuO7zcD.woff2             28.39 kB
../dist/assets/noto-sans-sc-51-400-normal-XuFDRqdl.woff              28.40 kB
../dist/assets/noto-sans-sc-65-400-normal-BeK8C6zz.woff              28.40 kB
../dist/assets/noto-sans-sc-65-700-normal-VIY3HmQA.woff              28.41 kB
../dist/assets/noto-sans-sc-54-700-normal-DOGLmyCV.woff2             28.41 kB
../dist/assets/noto-sans-sc-60-700-normal-D4Zu-ouy.woff              28.44 kB
../dist/assets/noto-sans-sc-79-700-normal-CRywjxh7.woff              28.54 kB
../dist/assets/noto-sans-sc-56-400-normal-B57fiM3p.woff2             28.55 kB
../dist/assets/noto-sans-sc-116-700-normal-C8Y6fFkh.woff2            28.56 kB
../dist/assets/noto-sans-sc-67-700-normal-CHv8ONeB.woff2             28.57 kB
../dist/assets/noto-sans-sc-29-400-normal-CTMIENlc.woff2             28.68 kB
../dist/assets/noto-sans-sc-44-400-normal-wq9JI-iJ.woff2             28.75 kB
../dist/assets/noto-sans-sc-49-700-normal-BrS2TIwO.woff2             28.76 kB
../dist/assets/noto-sans-sc-37-700-normal-DW7SpU8K.woff2             28.77 kB
../dist/assets/noto-sans-sc-38-400-normal-D0ErwWLV.woff2             28.94 kB
../dist/assets/noto-sans-sc-68-400-normal-BAjgs8u1.woff              29.04 kB
../dist/assets/noto-sans-sc-70-700-normal-DjutC1tV.woff              29.13 kB
../dist/assets/noto-sans-sc-30-400-normal-Dzb6Zn8O.woff2             29.16 kB
../dist/assets/noto-sans-sc-56-700-normal-4ifjnB0Y.woff2             29.18 kB
../dist/assets/noto-sans-sc-68-700-normal-C3u0R9lS.woff              29.19 kB
../dist/assets/noto-sans-sc-29-700-normal-D-3W49Od.woff2             29.28 kB
../dist/assets/noto-sans-sc-44-700-normal-BFXLL_IX.woff2             29.30 kB
../dist/assets/noto-sans-sc-69-400-normal-o5cK7hs4.woff2             29.56 kB
../dist/assets/noto-sans-sc-36-400-normal-IjrD2Bk1.woff              29.61 kB
../dist/assets/noto-sans-sc-57-400-normal-0KJcqtwa.woff2             29.64 kB
../dist/assets/noto-sans-sc-36-700-normal-DZnRFFzk.woff              29.64 kB
../dist/assets/noto-sans-sc-30-700-normal-jFw539n2.woff2             29.68 kB
../dist/assets/noto-sans-sc-38-700-normal-VDGgCvkV.woff2             29.75 kB
../dist/assets/noto-sans-sc-53-700-normal-BQnFTzf8.woff              29.76 kB
../dist/assets/noto-sans-sc-47-400-normal-CZbI_HNG.woff2             29.78 kB
../dist/assets/noto-sans-sc-53-400-normal-0yU0ZVKB.woff              29.95 kB
../dist/assets/noto-sans-sc-115-400-normal-BQfWDt6M.woff2            29.97 kB
../dist/assets/noto-sans-sc-83-400-normal-CaNTasFi.woff              30.01 kB
../dist/assets/noto-sans-sc-83-700-normal-BxdgZcCH.woff              30.01 kB
../dist/assets/noto-sans-sc-74-400-normal-C40Ur-xi.woff2             30.04 kB
../dist/assets/noto-sans-sc-57-700-normal-BGCjBx-g.woff2             30.33 kB
../dist/assets/noto-sans-sc-58-400-normal-DHIustpc.woff2             30.38 kB
../dist/assets/noto-sans-sc-47-700-normal-BF63qZLo.woff2             30.38 kB
../dist/assets/noto-sans-sc-69-700-normal-B6LPcA-t.woff2             30.44 kB
../dist/assets/noto-sans-sc-112-400-normal-F9zvXQVU.woff2            30.47 kB
../dist/assets/noto-sans-sc-61-400-normal-Db-2MbZ9.woff              30.48 kB
../dist/assets/noto-sans-sc-115-700-normal-_I8wVcfS.woff2            30.48 kB
../dist/assets/noto-sans-sc-61-700-normal-BwEKQgac.woff              30.51 kB
../dist/assets/noto-sans-sc-23-400-normal-D0XQUkMM.woff2             30.52 kB
../dist/assets/noto-sans-sc-42-400-normal-CwAh0C6j.woff              30.53 kB
../dist/assets/noto-sans-sc-82-400-normal-IMxdP4Bn.woff              30.63 kB
../dist/assets/noto-sans-sc-114-400-normal-CZUMxNv_.woff2            30.71 kB
../dist/assets/noto-sans-sc-74-700-normal-iLR6bNzA.woff2             30.84 kB
../dist/assets/noto-sans-sc-82-700-normal-FaF30N6r.woff              30.92 kB
../dist/assets/noto-sans-sc-72-400-normal-Df_D_sj8.woff              30.93 kB
../dist/assets/noto-sans-sc-113-400-normal-DZoqVzDv.woff2            31.00 kB
../dist/assets/noto-sans-sc-101-400-normal-DYFU5ahq.woff2            31.03 kB
../dist/assets/noto-sans-sc-112-700-normal-MSnZyhNJ.woff2            31.04 kB
../dist/assets/noto-sans-sc-42-700-normal-BZKFuKCT.woff              31.05 kB
../dist/assets/noto-sans-sc-62-400-normal-ytbDME29.woff2             31.15 kB
../dist/assets/noto-sans-sc-25-400-normal-CD3JKveN.woff2             31.22 kB
../dist/assets/noto-sans-sc-114-700-normal-CjhZr28b.woff2            31.22 kB
../dist/assets/noto-sans-sc-23-700-normal-Dk_rc58K.woff2             31.22 kB
../dist/assets/noto-sans-sc-58-700-normal-UyEQ1UZ0.woff2             31.34 kB
../dist/assets/noto-sans-sc-72-700-normal-DGp-Sokh.woff              31.44 kB
../dist/assets/noto-sans-sc-113-700-normal-O1EkYODd.woff2            31.60 kB
../dist/assets/noto-sans-sc-101-700-normal-dFJVjo-b.woff2            31.66 kB
../dist/assets/noto-sans-sc-40-400-normal-DmftZfNt.woff              31.71 kB
../dist/assets/noto-sans-sc-40-700-normal-Xj3Hi7Zy.woff              31.74 kB
../dist/assets/noto-sans-sc-62-700-normal-Cj6Ks4qP.woff2             31.75 kB
../dist/assets/noto-sans-sc-81-400-normal-BWPnSkid.woff              31.80 kB
../dist/assets/noto-sans-sc-118-700-normal-CwHqE5Ld.woff             31.85 kB
../dist/assets/noto-sans-sc-118-400-normal-CgZ3QXkC.woff             31.86 kB
../dist/assets/noto-sans-sc-81-700-normal-DEwv0WXa.woff              31.90 kB
../dist/assets/noto-sans-sc-25-700-normal-CxodwKtU.woff2             31.94 kB
../dist/assets/noto-sans-sc-43-400-normal-CVPqYXUd.woff              31.96 kB
../dist/assets/noto-sans-sc-50-700-normal-8idZV2Uz.woff              31.97 kB
../dist/assets/noto-sans-sc-109-400-normal-ZEHPyOzB.woff2            32.06 kB
../dist/assets/noto-sans-sc-50-400-normal-Ds5H6yvt.woff              32.06 kB
../dist/assets/noto-sans-sc-71-700-normal-C-hJaEbR.woff              32.09 kB
../dist/assets/noto-sans-sc-102-400-normal-lPQNp5DG.woff2            32.10 kB
../dist/assets/noto-sans-sc-43-700-normal-D7-2HuY2.woff              32.15 kB
../dist/assets/noto-sans-sc-46-400-normal-DxQ4Lw-z.woff2             32.19 kB
../dist/assets/noto-sans-sc-71-400-normal-BcUyOtRS.woff              32.34 kB
../dist/assets/noto-sans-sc-107-400-normal-DUS2YNa3.woff2            32.38 kB
../dist/assets/noto-sans-sc-59-400-normal-D2Pb31nB.woff              32.38 kB
../dist/assets/noto-sans-sc-27-400-normal-DU5YC6S1.woff              32.40 kB
../dist/assets/noto-sans-sc-109-700-normal-DVabExlB.woff2            32.44 kB
../dist/assets/noto-sans-sc-104-400-normal-DbzfdvQ5.woff2            32.55 kB
../dist/assets/noto-sans-sc-59-700-normal-aGOkstyv.woff              32.63 kB
../dist/assets/noto-sans-sc-34-400-normal-D06kjf8X.woff              32.64 kB
../dist/assets/noto-sans-sc-110-400-normal-D1IYcvpb.woff2            32.68 kB
../dist/assets/noto-sans-sc-102-700-normal-DCdJNbqs.woff2            32.73 kB
../dist/assets/noto-sans-sc-27-700-normal-DtRk-Bs1.woff              32.75 kB
../dist/assets/noto-sans-sc-105-400-normal-BiKizsW3.woff2            32.76 kB
../dist/assets/noto-sans-sc-33-400-normal-970__YrQ.woff              32.81 kB
../dist/assets/noto-sans-sc-33-700-normal-BxIcNX9E.woff              32.91 kB
../dist/assets/noto-sans-sc-34-700-normal-86HeGZg1.woff              32.95 kB
../dist/assets/noto-sans-sc-107-700-normal-CyOtrcxZ.woff2            32.96 kB
../dist/assets/noto-sans-sc-28-400-normal-4HLOSY5F.woff              32.98 kB
../dist/assets/noto-sans-sc-111-400-normal-C5Xi9UGz.woff2            33.16 kB
../dist/assets/noto-sans-sc-104-700-normal-AWqZgZB9.woff2            33.17 kB
../dist/assets/noto-sans-sc-106-400-normal-DDMMORp2.woff2            33.21 kB
../dist/assets/noto-sans-sc-31-400-normal-CpMy1pFR.woff              33.21 kB
../dist/assets/noto-sans-sc-35-700-normal-C24b7mvg.woff              33.21 kB
../dist/assets/noto-sans-sc-63-700-normal-B-kN8_sA.woff              33.21 kB
../dist/assets/noto-sans-sc-35-400-normal-CaG_p1w5.woff              33.22 kB
../dist/assets/noto-sans-sc-76-700-normal-BdjZP-TW.woff              33.24 kB
../dist/assets/noto-sans-sc-78-400-normal--Q5ApOuu.woff              33.24 kB
../dist/assets/noto-sans-sc-63-400-normal-CzPlApb7.woff              33.25 kB
../dist/assets/noto-sans-sc-55-700-normal-CVgcYMFj.woff              33.26 kB
../dist/assets/noto-sans-sc-28-700-normal-Bm5yHfC1.woff              33.30 kB
../dist/assets/noto-sans-sc-24-400-normal-mI4tDgE1.woff2             33.33 kB
../dist/assets/noto-sans-sc-110-700-normal-CDDEOvGI.woff2            33.34 kB
../dist/assets/noto-sans-sc-105-700-normal-Dt9qhYJX.woff2            33.44 kB
../dist/assets/noto-sans-sc-76-400-normal-C4_76-zS.woff              33.44 kB
../dist/assets/noto-sans-sc-75-700-normal-F6H3eEIe.woff              33.45 kB
../dist/assets/noto-sans-sc-75-400-normal-BBx4YRQ9.woff              33.47 kB
../dist/assets/noto-sans-sc-55-400-normal-BJgYTKZI.woff              33.54 kB
../dist/assets/noto-sans-sc-78-700-normal-UIfDqwia.woff              33.59 kB
../dist/assets/noto-sans-sc-31-700-normal-BjFRqcE3.woff              33.66 kB
../dist/assets/noto-sans-sc-46-700-normal-BpaAdfvn.woff2             33.76 kB
../dist/assets/noto-sans-sc-111-700-normal-CCRAUGWF.woff2            33.77 kB
../dist/assets/noto-sans-sc-103-400-normal-DrxRoDmn.woff2            33.84 kB
../dist/assets/noto-sans-sc-106-700-normal-B8W_9tdk.woff2            33.86 kB
../dist/assets/noto-sans-sc-32-400-normal-BB06QLw6.woff              34.06 kB
../dist/assets/noto-sans-sc-24-700-normal-BGBBEWUn.woff2             34.13 kB
../dist/assets/noto-sans-sc-108-400-normal-D80tGT87.woff2            34.14 kB
../dist/assets/noto-sans-sc-100-400-normal-CX-7pUk_.woff2            34.27 kB
../dist/assets/noto-sans-sc-103-700-normal-NwkDGJ-F.woff2            34.44 kB
../dist/assets/noto-sans-sc-22-400-normal-yOvQSDF6.woff2             34.55 kB
../dist/assets/noto-sans-sc-32-700-normal-ku4boKRk.woff              34.65 kB
../dist/assets/noto-sans-sc-108-700-normal-O3gF6YEN.woff2            34.75 kB
../dist/assets/noto-sans-sc-54-400-normal-BayPw5AU.woff              34.80 kB
../dist/assets/noto-sans-sc-48-400-normal-BeitBaI5.woff              34.85 kB
../dist/assets/noto-sans-sc-39-700-normal-BxzIbUCZ.woff              34.85 kB
../dist/assets/noto-sans-sc-39-400-normal-BdnXWhtv.woff              34.90 kB
../dist/assets/noto-sans-sc-48-700-normal-C5NYYIZs.woff              34.94 kB
../dist/assets/noto-sans-sc-26-400-normal-Dxnlkp_o.woff              34.97 kB
../dist/assets/noto-sans-sc-54-700-normal-BCWeJjRX.woff              34.97 kB
../dist/assets/noto-sans-sc-100-700-normal-skvlEtXa.woff2            34.98 kB
../dist/assets/noto-sans-sc-52-400-normal-aCTK3zc9.woff              35.04 kB
../dist/assets/noto-sans-sc-52-700-normal-BRzqGAII.woff              35.19 kB
../dist/assets/noto-sans-sc-37-700-normal-60ISo86F.woff              35.34 kB
../dist/assets/noto-sans-sc-22-700-normal-Byr9h8C5.woff2             35.37 kB
../dist/assets/noto-sans-sc-26-700-normal-CayP30uh.woff              35.37 kB
../dist/assets/noto-sans-sc-117-700-normal-DWwn4QCt.woff             35.57 kB
../dist/assets/noto-sans-sc-66-700-normal-CD92Xrbz.woff              35.60 kB
../dist/assets/noto-sans-sc-49-400-normal-C0rnBp58.woff              35.61 kB
../dist/assets/noto-sans-sc-117-400-normal-DsfbLHms.woff             35.65 kB
../dist/assets/noto-sans-sc-66-400-normal-DyRyltg8.woff              35.74 kB
../dist/assets/noto-sans-sc-116-400-normal-DDOlrOnk.woff             35.77 kB
../dist/assets/noto-sans-sc-116-700-normal-DbEs5pOo.woff             35.78 kB
../dist/assets/noto-sans-sc-37-400-normal-BR9TSq0A.woff              35.81 kB
../dist/assets/noto-sans-sc-29-400-normal-DmkA50P6.woff              35.84 kB
../dist/assets/noto-sans-sc-49-700-normal-DQroqax4.woff              35.85 kB
../dist/assets/noto-sans-sc-67-700-normal-xASFIzGE.woff              36.04 kB
../dist/assets/noto-sans-sc-67-400-normal--wzFx5DH.woff              36.09 kB
../dist/assets/noto-sans-sc-44-400-normal-BT6yUYAt.woff              36.12 kB
../dist/assets/noto-sans-sc-29-700-normal-B-jj8XKB.woff              36.15 kB
../dist/assets/noto-sans-sc-44-700-normal-CerrAdqj.woff              36.36 kB
../dist/assets/noto-sans-sc-45-400-normal-DdOuPp0S.woff2             36.84 kB
../dist/assets/noto-sans-sc-56-400-normal-DsWT-1MH.woff              37.33 kB
../dist/assets/noto-sans-sc-38-700-normal-BJNpDGNc.woff              37.43 kB
../dist/assets/noto-sans-sc-56-700-normal-DUzQxT4-.woff              37.46 kB
../dist/assets/noto-sans-sc-38-400-normal-Pcs7Bw7T.woff              37.66 kB
../dist/assets/noto-sans-sc-57-400-normal-CS3ugs7l.woff              37.73 kB
../dist/assets/noto-sans-sc-115-400-normal-mjVAPzyl.woff             37.86 kB
../dist/assets/noto-sans-sc-115-700-normal-DK7W-7Ob.woff             37.91 kB
../dist/assets/noto-sans-sc-23-400-normal-CX4MRI2p.woff              38.04 kB
../dist/assets/noto-sans-sc-23-700-normal-Ct9vQFVU.woff              38.17 kB
../dist/assets/noto-sans-sc-69-400-normal-DVTFUlay.woff              38.30 kB
../dist/assets/noto-sans-sc-57-700-normal-B8Ji4Lux.woff              38.38 kB
../dist/assets/noto-sans-sc-45-700-normal-DUqJO8E-.woff2             38.41 kB
../dist/assets/noto-sans-sc-30-400-normal-D4bISz8a.woff              38.55 kB
../dist/assets/noto-sans-sc-114-700-normal-BNwx66R8.woff             38.82 kB
../dist/assets/noto-sans-sc-112-700-normal-PlVFm4-u.woff             38.83 kB
../dist/assets/noto-sans-sc-112-400-normal-D7zgcIsz.woff             38.84 kB
../dist/assets/noto-sans-sc-58-400-normal-BDZWSF0h.woff              38.92 kB
../dist/assets/noto-sans-sc-69-700-normal-DXbzUprz.woff              38.92 kB
../dist/assets/noto-sans-sc-47-400-normal-TIljQdBM.woff              38.94 kB
../dist/assets/noto-sans-sc-114-400-normal-CGiue1yH.woff             39.01 kB
../dist/assets/noto-sans-sc-58-700-normal-DpXWU5Mz.woff              39.16 kB
../dist/assets/noto-sans-sc-47-700-normal-DRBMGCI9.woff              39.20 kB
../dist/assets/noto-sans-sc-62-400-normal-B7SX0Ny8.woff              39.23 kB
../dist/assets/noto-sans-sc-62-700-normal-BdN2u6iq.woff              39.37 kB
../dist/assets/noto-sans-sc-25-400-normal-C6yCXu6a.woff              39.44 kB
../dist/assets/noto-sans-sc-113-400-normal-DSmELDL6.woff             39.44 kB
../dist/assets/noto-sans-sc-74-700-normal-IGVuCLQo.woff              39.46 kB
../dist/assets/noto-sans-sc-113-700-normal-BHwWR4LC.woff             39.48 kB
../dist/assets/noto-sans-sc-74-400-normal-C15MV3i1.woff              39.55 kB
../dist/assets/noto-sans-sc-30-700-normal-DEY46ts6.woff              39.60 kB
../dist/assets/noto-sans-sc-101-400-normal-Bi19zLN0.woff             39.66 kB
../dist/assets/noto-sans-sc-101-700-normal-Cg9Nc7a8.woff             39.74 kB
../dist/assets/noto-sans-sc-25-700-normal-D7v2dGox.woff              39.79 kB
../dist/assets/noto-sans-sc-46-400-normal-D8BHNHvK.woff              39.83 kB
../dist/assets/noto-sans-sc-109-700-normal-DABLmkdb.woff             40.56 kB
../dist/assets/noto-sans-sc-109-400-normal-D-QmuIiA.woff             40.66 kB
../dist/assets/noto-sans-sc-102-700-normal-0PDKSpcg.woff             40.74 kB
../dist/assets/noto-sans-sc-46-700-normal-BX3o7x02.woff              40.81 kB
../dist/assets/noto-sans-sc-102-400-normal-D9Vb3-ZK.woff             40.84 kB
../dist/assets/noto-sans-sc-107-400-normal-7y5Di-0o.woff             41.02 kB
../dist/assets/noto-sans-sc-107-700-normal-yesJ8y6A.woff             41.16 kB
../dist/assets/noto-sans-sc-104-400-normal-Dlu6I-os.woff             41.18 kB
../dist/assets/noto-sans-sc-110-400-normal-BdM_D5Jz.woff             41.24 kB
../dist/assets/noto-sans-sc-104-700-normal-CHtYBfvV.woff             41.24 kB
../dist/assets/noto-sans-sc-110-700-normal-NAPhI7pU.woff             41.26 kB
../dist/assets/noto-sans-sc-119-400-normal-flOVnW3A.woff2            41.29 kB
../dist/assets/noto-sans-sc-24-700-normal-SbMvRlFs.woff              41.59 kB
../dist/assets/noto-sans-sc-105-400-normal-DAvx8soP.woff             41.73 kB
../dist/assets/noto-sans-sc-105-700-normal-BHoJkdcH.woff             41.88 kB
../dist/assets/noto-sans-sc-24-400-normal-ClGanIYI.woff              41.88 kB
../dist/assets/noto-sans-sc-111-700-normal-CpYg6zLF.woff             42.23 kB
../dist/assets/noto-sans-sc-111-400-normal-D5coW_21.woff             42.26 kB
../dist/assets/noto-sans-sc-106-400-normal-CLmIr7NC.woff             42.32 kB
../dist/assets/noto-sans-sc-106-700-normal-CJ9mgS1g.woff             42.39 kB
../dist/assets/noto-sans-sc-119-700-normal-B05r3al5.woff2            42.84 kB
../dist/assets/noto-sans-sc-108-400-normal-BjvHph8P.woff             42.98 kB
../dist/assets/noto-sans-sc-103-400-normal-142t-yFg.woff             42.99 kB
../dist/assets/noto-sans-sc-108-700-normal-Bklb7tQG.woff             43.00 kB
../dist/assets/noto-sans-sc-22-400-normal-B_m_Ehi5.woff              43.12 kB
../dist/assets/noto-sans-sc-103-700-normal-DsStKEUx.woff             43.16 kB
../dist/assets/noto-sans-sc-100-700-normal-XED7J4tu.woff             43.64 kB
../dist/assets/noto-sans-sc-100-400-normal-BO-rXsv0.woff             43.72 kB
../dist/assets/noto-sans-sc-22-700-normal-gw-QDe_U.woff              43.81 kB
../dist/assets/noto-sans-sc-45-400-normal-wKcTGncR.woff              45.59 kB
../dist/assets/noto-sans-sc-45-700-normal-BsNaJb6I.woff              46.78 kB
../dist/assets/noto-sans-sc-119-400-normal-C7mqcMDM.woff             53.63 kB
../dist/assets/noto-sans-sc-119-700-normal-D9Vxo0Wr.woff             53.92 kB
../dist/index.html                                                   59.68 kB │ gzip:     9.75 kB
../dist/assets/rapier_wasm3d_bg-0Vyjx73g.wasm                     1,698.49 kB │ gzip:   627.43 kB
../dist/assets/index-DSNWVZb2.css                                   278.62 kB │ gzip:   107.29 kB
../dist/assets/rapier-Dwq-mIaJ.js                                   229.92 kB │ gzip:    34.80 kB
../dist/assets/index-BYGp1wW3.js                                  4,858.22 kB │ gzip: 1,029.66 kB

(!) Some chunks are larger than 500 kB after minification. Consider:
- Using dynamic import() to code-split the application
- Use build.rollupOptions.output.manualChunks to improve chunking: https://rollupjs.org/configuration-options/#output-manualchunks
- Adjust chunk size limit for this warning via build.chunkSizeWarningLimit.
✓ built in 2m 32s
Sites deployment prepared; removed 3 unused WAV masters, 473 redundant runtime assets, 196 legacy font files, and 38 retired Wen13 files.

> han-han-two-speeds-portfolio@0.1.0 validate:dist
> node scripts/validate-han-han-dist.mjs

{
  "valid": true,
  "files": 799,
  "retiredWen13Assets": 0,
  "manifest": {
    "name": "韩寒 · 两种速度｜非官方策展概念",
    "shortName": "两种速度"
  }
}
